===========================================================================
         ________    _________   _______       __     _________            
        |        |\ |        |\ |       \\    |  |\  /         \\          
        |    ____|| |    ____|| |    __  ||   |__|| |    ___    ||         
        |   |\___\| |   |\___\| |   |\_| ||    \_\| |   //  \   ||         
        |   ||__    |   ||__    |   ||_| ||   |  |\ |  ||    |  ||         
        |       |\  |       |\  |         \\  |  || |  ||    |  ||         
        |    ___||  |    ___||  |    ___   || |  || |  ||    |  ||         
        |   |\__\|  |   |\__\|  |   |\__|  || |  || |  ||    |  ||         
        |   ||      |   ||___   |   ||__|  || |  || |   \\__/   ||         
        |   ||      |        |\ |          || |  || |           ||         
        |___||      |________|| |_________//  |__||  \_________//          
                                                                           
      F I N I T E   E L E M E N T S   F O R   B I O M E C H A N I C S      
                                                                           
  version 3.8.0
  FEBio is a registered trademark.                                         
  copyright (c) 2006-2021 - All rights reserved                            
                                                                           
===========================================================================


Setting parameter "scale" to : 0
Setting parameter "scale" to : 0



 FILES USED
===========================================================================
	Input file : sample.feb
	Plot file  : sample.xplt
	Log file   : sample.log


 MESH INFO
===========================================================================
	Number of materials ............................ : 1
	Number of domains .............................. : 1
	Number of nodes ................................ : 133
	Number of shell elements ....................... : 216


 CONTROL DATA
===========================================================================
	Module type .................................... : solid
	Analysis type .................................. : quasi-static
	Number of timesteps ............................ : 10
	Time step size ................................. : 0.1
	Auto time stepper activated .................... : yes
	  Optimal nr of iterations ..................... : 10
	  Minimum allowable step size .................. : 0.01
	  Maximum allowable step size .................. : 0.1
	Number of load controllers ..................... : 1


 SOLVER PARAMETERS
===========================================================================
	symmetric_stiffness ............................... : 1
	equation_scheme ................................... : 0
	equation_order .................................... : 0
	optimize_bw ....................................... : 0
	lstol ............................................. : 0.75
	lsmin ............................................. : 0.01
	lsiter ............................................ : 5
	max_refs .......................................... : 15
	check_zero_diagonal ............................... : false
	zero_diagonal_tol ................................. : 0
	force_partition ................................... : 0
	reform_each_time_step ............................. : true
	reform_augment .................................... : false
	diverge_reform .................................... : true
	do_reforms ........................................ : true
	etol .............................................. : 0.01
	rtol .............................................. : 0
	min_residual ...................................... : 1e-20
	max_residual ...................................... : 0
	qnmethod .......................................... : 0
	max_ups ........................................... : 10
	qn_max_buffer_size ................................ : 0
	qn_cycle_buffer ................................... : true
	cmax .............................................. : 100000
	dtol .............................................. : 0.001
	rhoi .............................................. : 0
	alpha ............................................. : 1
	beta .............................................. : 0.25
	gamma ............................................. : 0.5
	logSolve .......................................... : false
	arc_length ........................................ : 0
	arc_length_scale .................................. : 0


 OUTPUT DATA
===========================================================================
	plot level ................................ : major iterations
	plotfile format ........................... : FEBIO
		Nodal Variables:
			displacement         (type = vec3f, format = NODE)
		Domain Variables:
			element strain energy (type = float, format = ITEM)
			Lagrange strain      (type = mat3fs, format = ITEM)
			stress               (type = mat3fs, format = ITEM)


 MATERIAL DATA
===========================================================================
  1 - SMGNN_BENCHMARK_MATERIAL (type: isotropic elastic)
	mat_axis .......................................... : (can't display value)
	density ........................................... : 1
	secant_tangent .................................... : false
	secant_stress ..................................... : false
	E ................................................. : 0.679449
	v ................................................. : 0.242741


 BOUNDARY CONDITION DATA
===========================================================================
  1 -  Type: fix
	dofs .............................................. : 0
---------------------------------------------------------------------------
  2 -  Type: fix
	dofs .............................................. : 1
---------------------------------------------------------------------------
  3 -  Type: fix
	dofs .............................................. : 2
---------------------------------------------------------------------------
  4 -  Type: fix
	dofs .............................................. : 12
---------------------------------------------------------------------------
  5 -  Type: fix
	dofs .............................................. : 13
---------------------------------------------------------------------------
  6 -  Type: fix
	dofs .............................................. : 2


 NODAL LOAD DATA
===========================================================================
  1 -  Type: nodal_load
	relative .......................................... : false
	dof ............................................... : 0
	scale ............................................. : (not constant)
---------------------------------------------------------------------------
  2 -  Type: nodal_load
	relative .......................................... : false
	dof ............................................... : 1
	scale ............................................. : (not constant)


 LINEAR SOLVER DATA
===========================================================================
	Solver type ....................................... : pardiso
	Matrix format ..................................... : symmetric


===== beginning time step 1 : 0.1 =====

Setting parameter "scale" to : 0.1
Setting parameter "scale" to : 0.1

Reforming stiffness matrix: reformation #1

===== reforming stiffness matrix:
	Nr of equations ........................... : 637
	Nr of nonzeroes in stiffness matrix ....... : 10193
 1
 Nonlinear solution status: time= 0.1
	stiffness updates             = 0
	right hand side evaluations   = 2
	stiffness matrix reformations = 1
	step from line search         = 1.000000
	convergence norms :     INITIAL         CURRENT         REQUIRED
	   residual            2.244997e-11    1.523927e-07    0.000000e+00 
	   energy              2.448333e-06    1.001231e-06    2.448333e-08 
	   displacement        2.722913e+00    2.722913e+00    2.722913e-06 
 2
 Nonlinear solution status: time= 0.1
	stiffness updates             = 1
	right hand side evaluations   = 3
	stiffness matrix reformations = 1
	step from line search         = 1.000000
	convergence norms :     INITIAL         CURRENT         REQUIRED
	   residual            2.244997e-11    9.968625e-10    0.000000e+00 
	   energy              2.448333e-06    1.351639e-07    2.448333e-08 
	   displacement        2.722913e+00    8.108033e-02    1.879572e-06 
 3
 Nonlinear solution status: time= 0.1
	stiffness updates             = 2
	right hand side evaluations   = 4
	stiffness matrix reformations = 1
	step from line search         = 1.000000
	convergence norms :     INITIAL         CURRENT         REQUIRED
	   residual            2.244997e-11    1.973970e-10    0.000000e+00 
	   energy              2.448333e-06    1.985486e-08    2.448333e-08 
	   displacement        2.722913e+00    2.755660e-02    2.358201e-06 
 4
 Nonlinear solution status: time= 0.1
	stiffness updates             = 3
	right hand side evaluations   = 5
	stiffness matrix reformations = 1
	step from line search         = 1.000000
	convergence norms :     INITIAL         CURRENT         REQUIRED
	   residual            2.244997e-11    1.559082e-10    0.000000e+00 
	   energy              2.448333e-06    4.477631e-10    2.448333e-08 
	   displacement        2.722913e+00    1.157059e-02    2.698815e-06 
 5
 Nonlinear solution status: time= 0.1
	stiffness updates             = 4
	right hand side evaluations   = 6
	stiffness matrix reformations = 1
	step from line search         = 1.000000
	convergence norms :     INITIAL         CURRENT         REQUIRED
	   residual            2.244997e-11    3.848542e-12    0.000000e+00 
	   energy              2.448333e-06    5.867877e-11    2.448333e-08 
	   displacement        2.722913e+00    6.819875e-06    2.703554e-06 
 6
 Nonlinear solution status: time= 0.1
	stiffness updates             = 5
	right hand side evaluations   = 7
	stiffness matrix reformations = 1
	step from line search         = 1.000000
	convergence norms :     INITIAL         CURRENT         REQUIRED
	   residual            2.244997e-11    3.150394e-14    0.000000e+00 
	   energy              2.448333e-06    1.407960e-12    2.448333e-08 
	   displacement        2.722913e+00    8.553483e-07    2.706543e-06 

convergence summary
    number of iterations   : 6
    number of reformations : 1

------- converged at time : 0.1


===== beginning time step 2 : 0.2 =====

Setting parameter "scale" to : 0.2
Setting parameter "scale" to : 0.2

Reforming stiffness matrix: reformation #1

 1
 Nonlinear solution status: time= 0.2
	stiffness updates             = 0
	right hand side evaluations   = 2
	stiffness matrix reformations = 1
	step from line search         = 1.000000
	convergence norms :     INITIAL         CURRENT         REQUIRED
	   residual            2.250931e-11    1.472616e-07    0.000000e+00 
	   energy              2.420736e-06    9.914003e-07    2.420736e-08 
	   displacement        2.679859e+00    2.679859e+00    2.679859e-06 
 2
 Nonlinear solution status: time= 0.2
	stiffness updates             = 1
	right hand side evaluations   = 3
	stiffness matrix reformations = 1
	step from line search         = 1.000000
	convergence norms :     INITIAL         CURRENT         REQUIRED
	   residual            2.250931e-11    1.026108e-09    0.000000e+00 
	   energy              2.420736e-06    1.323463e-07    2.420736e-08 
	   displacement        2.679859e+00    8.119431e-02    1.841970e-06 
 3
 Nonlinear solution status: time= 0.2
	stiffness updates             = 2
	right hand side evaluations   = 4
	stiffness matrix reformations = 1
	step from line search         = 1.000000
	convergence norms :     INITIAL         CURRENT         REQUIRED
	   residual            2.250931e-11    1.794592e-10    0.000000e+00 
	   energy              2.420736e-06    1.859240e-08    2.420736e-08 
	   displacement        2.679859e+00    2.624285e-02    2.303919e-06 
 4
 Nonlinear solution status: time= 0.2
	stiffness updates             = 3
	right hand side evaluations   = 5
	stiffness matrix reformations = 1
	step from line search         = 1.000000
	convergence norms :     INITIAL         CURRENT         REQUIRED
	   residual            2.250931e-11    1.390529e-10    0.000000e+00 
	   energy              2.420736e-06    4.330509e-10    2.420736e-08 
	   displacement        2.679859e+00    1.044470e-02    2.623288e-06 
 5
 Nonlinear solution status: time= 0.2
	stiffness updates             = 4
	right hand side evaluations   = 6
	stiffness matrix reformations = 1
	step from line search         = 1.000000
	convergence norms :     INITIAL         CURRENT         REQUIRED
	   residual            2.250931e-11    3.440753e-12    0.000000e+00 
	   energy              2.420736e-06    5.266869e-11    2.420736e-08 
	   displacement        2.679859e+00    6.733106e-06    2.628200e-06 
 6
 Nonlinear solution status: time= 0.2
	stiffness updates             = 5
	right hand side evaluations   = 7
	stiffness matrix reformations = 1
	step from line search         = 1.000000
	convergence norms :     INITIAL         CURRENT         REQUIRED
	   residual            2.250931e-11    2.691948e-14    0.000000e+00 
	   energy              2.420736e-06    1.217018e-12    2.420736e-08 
	   displacement        2.679859e+00    6.572347e-07    2.630776e-06 

convergence summary
    number of iterations   : 6
    number of reformations : 1

------- converged at time : 0.2


===== beginning time step 3 : 0.3 =====

Setting parameter "scale" to : 0.3
Setting parameter "scale" to : 0.3

Reforming stiffness matrix: reformation #1

 1
 Nonlinear solution status: time= 0.3
	stiffness updates             = 0
	right hand side evaluations   = 2
	stiffness matrix reformations = 1
	step from line search         = 1.000000
	convergence norms :     INITIAL         CURRENT         REQUIRED
	   residual            2.250755e-11    1.342538e-07    0.000000e+00 
	   energy              2.348767e-06    9.266098e-07    2.348767e-08 
	   displacement        2.574121e+00    2.574121e+00    2.574121e-06 
 2
 Nonlinear solution status: time= 0.3
	stiffness updates             = 1
	right hand side evaluations   = 3
	stiffness matrix reformations = 1
	step from line search         = 1.000000
	convergence norms :     INITIAL         CURRENT         REQUIRED
	   residual            2.250755e-11    9.473169e-10    0.000000e+00 
	   energy              2.348767e-06    1.192601e-07    2.348767e-08 
	   displacement        2.574121e+00    7.432647e-02    1.786069e-06 
 3
 Nonlinear solution status: time= 0.3
	stiffness updates             = 2
	right hand side evaluations   = 4
	stiffness matrix reformations = 1
	step from line search         = 1.000000
	convergence norms :     INITIAL         CURRENT         REQUIRED
	   residual            2.250755e-11    1.487889e-10    0.000000e+00 
	   energy              2.348767e-06    1.594050e-08    2.348767e-08 
	   displacement        2.574121e+00    2.330667e-02    2.213566e-06 
 4
 Nonlinear solution status: time= 0.3
	stiffness updates             = 3
	right hand side evaluations   = 5
	stiffness matrix reformations = 1
	step from line search         = 1.000000
	convergence norms :     INITIAL         CURRENT         REQUIRED
	   residual            2.250755e-11    1.012340e-10    0.000000e+00 
	   energy              2.348767e-06    3.683129e-10    2.348767e-08 
	   displacement        2.574121e+00    8.376736e-03    2.493019e-06 
 5
 Nonlinear solution status: time= 0.3
	stiffness updates             = 4
	right hand side evaluations   = 6
	stiffness matrix reformations = 1
	step from line search         = 1.000000
	convergence norms :     INITIAL         CURRENT         REQUIRED
	   residual            2.250755e-11    2.371238e-12    0.000000e+00 
	   energy              2.348767e-06    3.629624e-11    2.348767e-08 
	   displacement        2.574121e+00    5.191286e-06    2.497097e-06 
 6
 Nonlinear solution status: time= 0.3
	stiffness updates             = 5
	right hand side evaluations   = 7
	stiffness matrix reformations = 1
	step from line search         = 1.000000
	convergence norms :     INITIAL         CURRENT         REQUIRED
	   residual            2.250755e-11    1.861892e-14    0.000000e+00 
	   energy              2.348767e-06    8.671516e-13    2.348767e-08 
	   displacement        2.574121e+00    3.421074e-07    2.498899e-06 

convergence summary
    number of iterations   : 6
    number of reformations : 1

------- converged at time : 0.3


===== beginning time step 4 : 0.4 =====

Setting parameter "scale" to : 0.4
Setting parameter "scale" to : 0.4

Reforming stiffness matrix: reformation #1

 1
 Nonlinear solution status: time= 0.4
	stiffness updates             = 0
	right hand side evaluations   = 2
	stiffness matrix reformations = 1
	step from line search         = 1.000000
	convergence norms :     INITIAL         CURRENT         REQUIRED
	   residual            2.249812e-11    1.161252e-07    0.000000e+00 
	   energy              2.240234e-06    8.233817e-07    2.240234e-08 
	   displacement        2.418888e+00    2.418888e+00    2.418888e-06 
 2
 Nonlinear solution status: time= 0.4
	stiffness updates             = 1
	right hand side evaluations   = 3
	stiffness matrix reformations = 1
	step from line search         = 1.000000
	convergence norms :     INITIAL         CURRENT         REQUIRED
	   residual            2.249812e-11    7.951608e-10    0.000000e+00 
	   energy              2.240234e-06    9.974303e-08    2.240234e-08 
	   displacement        2.418888e+00    6.290290e-02    1.712739e-06 
 3
 Nonlinear solution status: time= 0.4
	stiffness updates             = 2
	right hand side evaluations   = 4
	stiffness matrix reformations = 1
	step from line search         = 1.000000
	convergence norms :     INITIAL         CURRENT         REQUIRED
	   residual            2.249812e-11    1.130210e-10    0.000000e+00 
	   energy              2.240234e-06    1.258363e-08    2.240234e-08 
	   displacement        2.418888e+00    1.938119e-02    2.092858e-06 
 4
 Nonlinear solution status: time= 0.4
	stiffness updates             = 3
	right hand side evaluations   = 5
	stiffness matrix reformations = 1
	step from line search         = 1.000000
	convergence norms :     INITIAL         CURRENT         REQUIRED
	   residual            2.249812e-11    6.137921e-11    0.000000e+00 
	   energy              2.240234e-06    2.735508e-10    2.240234e-08 
	   displacement        2.418888e+00    6.024395e-03    2.322306e-06 
 5
 Nonlinear solution status: time= 0.4
	stiffness updates             = 4
	right hand side evaluations   = 6
	stiffness matrix reformations = 1
	step from line search         = 1.000000
	convergence norms :     INITIAL         CURRENT         REQUIRED
	   residual            2.249812e-11    1.311698e-12    0.000000e+00 
	   energy              2.240234e-06    1.966656e-11    2.240234e-08 
	   displacement        2.418888e+00    3.199940e-06    2.325018e-06 
 6
 Nonlinear solution status: time= 0.4
	stiffness updates             = 5
	right hand side evaluations   = 7
	stiffness matrix reformations = 1
	step from line search         = 1.000000
	convergence norms :     INITIAL         CURRENT         REQUIRED
	   residual            2.249812e-11    1.054029e-14    0.000000e+00 
	   energy              2.240234e-06    5.135321e-13    2.240234e-08 
	   displacement        2.418888e+00    1.237384e-07    2.326050e-06 

convergence summary
    number of iterations   : 6
    number of reformations : 1

------- converged at time : 0.4


===== beginning time step 5 : 0.5 =====

Setting parameter "scale" to : 0.5
Setting parameter "scale" to : 0.5

Reforming stiffness matrix: reformation #1

 1
 Nonlinear solution status: time= 0.5
	stiffness updates             = 0
	right hand side evaluations   = 2
	stiffness matrix reformations = 1
	step from line search         = 1.000000
	convergence norms :     INITIAL         CURRENT         REQUIRED
	   residual            2.248572e-11    9.602433e-08    0.000000e+00 
	   energy              2.105745e-06    7.016269e-07    2.105745e-08 
	   displacement        2.231464e+00    2.231464e+00    2.231464e-06 
 2
 Nonlinear solution status: time= 0.5
	stiffness updates             = 1
	right hand side evaluations   = 3
	stiffness matrix reformations = 1
	step from line search         = 1.000000
	convergence norms :     INITIAL         CURRENT         REQUIRED
	   residual            2.248572e-11    6.163706e-10    0.000000e+00 
	   energy              2.105745e-06    7.822246e-08    2.105745e-08 
	   displacement        2.231464e+00    4.985127e-02    1.624081e-06 
 3
 Nonlinear solution status: time= 0.5
	stiffness updates             = 2
	right hand side evaluations   = 4
	stiffness matrix reformations = 1
	step from line search         = 1.000000
	convergence norms :     INITIAL         CURRENT         REQUIRED
	   residual            2.248572e-11    7.910064e-11    0.000000e+00 
	   energy              2.105745e-06    9.218721e-09    2.105745e-08 
	   displacement        2.231464e+00    1.518065e-02    1.949916e-06 
 4
 Nonlinear solution status: time= 0.5
	stiffness updates             = 3
	right hand side evaluations   = 5
	stiffness matrix reformations = 1
	step from line search         = 1.000000
	convergence norms :     INITIAL         CURRENT         REQUIRED
	   residual            2.248572e-11    3.173735e-11    0.000000e+00 
	   energy              2.105745e-06    1.767984e-10    2.105745e-08 
	   displacement        2.231464e+00    3.932864e-03    2.127996e-06 
 5
 Nonlinear solution status: time= 0.5
	stiffness updates             = 4
	right hand side evaluations   = 6
	stiffness matrix reformations = 1
	step from line search         = 1.000000
	convergence norms :     INITIAL         CURRENT         REQUIRED
	   residual            2.248572e-11    6.158502e-13    0.000000e+00 
	   energy              2.105745e-06    8.555008e-12    2.105745e-08 
	   displacement        2.231464e+00    1.652163e-06    2.129333e-06 

convergence summary
    number of iterations   : 5
    number of reformations : 1

------- converged at time : 0.5


===== beginning time step 6 : 0.6 =====

Setting parameter "scale" to : 0.6
Setting parameter "scale" to : 0.6

Reforming stiffness matrix: reformation #1

 1
 Nonlinear solution status: time= 0.6
	stiffness updates             = 0
	right hand side evaluations   = 2
	stiffness matrix reformations = 1
	step from line search         = 1.000000
	convergence norms :     INITIAL         CURRENT         REQUIRED
	   residual            2.295710e-11    7.640566e-08    0.000000e+00 
	   energy              1.955617e-06    5.760722e-07    1.955617e-08 
	   displacement        2.027598e+00    2.027598e+00    2.027598e-06 
 2
 Nonlinear solution status: time= 0.6
	stiffness updates             = 1
	right hand side evaluations   = 3
	stiffness matrix reformations = 1
	step from line search         = 1.000000
	convergence norms :     INITIAL         CURRENT         REQUIRED
	   residual            2.295710e-11    4.447921e-10    0.000000e+00 
	   energy              1.955617e-06    5.782599e-08    1.955617e-08 
	   displacement        2.027598e+00    3.716731e-02    1.524398e-06 
 3
 Nonlinear solution status: time= 0.6
	stiffness updates             = 2
	right hand side evaluations   = 4
	stiffness matrix reformations = 1
	step from line search         = 1.000000
	convergence norms :     INITIAL         CURRENT         REQUIRED
	   residual            2.295710e-11    5.122134e-11    0.000000e+00 
	   energy              1.955617e-06    6.311356e-09    1.955617e-08 
	   displacement        2.027598e+00    1.125634e-02    1.794565e-06 
 4
 Nonlinear solution status: time= 0.6
	stiffness updates             = 3
	right hand side evaluations   = 5
	stiffness matrix reformations = 1
	step from line search         = 1.000000
	convergence norms :     INITIAL         CURRENT         REQUIRED
	   residual            2.295710e-11    1.419518e-11    0.000000e+00 
	   energy              1.955617e-06    9.853169e-11    1.955617e-08 
	   displacement        2.027598e+00    2.357331e-03    1.926183e-06 
 5
 Nonlinear solution status: time= 0.6
	stiffness updates             = 4
	right hand side evaluations   = 6
	stiffness matrix reformations = 1
	step from line search         = 1.000000
	convergence norms :     INITIAL         CURRENT         REQUIRED
	   residual            2.295710e-11    2.578979e-13    0.000000e+00 
	   energy              1.955617e-06    2.937708e-12    1.955617e-08 
	   displacement        2.027598e+00    7.787773e-07    1.926432e-06 

convergence summary
    number of iterations   : 5
    number of reformations : 1

------- converged at time : 0.6


===== beginning time step 7 : 0.7 =====

Setting parameter "scale" to : 0.7
Setting parameter "scale" to : 0.7

Reforming stiffness matrix: reformation #1

 1
 Nonlinear solution status: time= 0.7
	stiffness updates             = 0
	right hand side evaluations   = 2
	stiffness matrix reformations = 1
	step from line search         = 1.000000
	convergence norms :     INITIAL         CURRENT         REQUIRED
	   residual            2.262614e-11    5.933291e-08    0.000000e+00 
	   energy              1.801374e-06    4.653563e-07    1.801374e-08 
	   displacement        1.825302e+00    1.825302e+00    1.825302e-06 
 2
 Nonlinear solution status: time= 0.7
	stiffness updates             = 1
	right hand side evaluations   = 3
	stiffness matrix reformations = 1
	step from line search         = 1.000000
	convergence norms :     INITIAL         CURRENT         REQUIRED
	   residual            2.262614e-11    3.103280e-10    0.000000e+00 
	   energy              1.801374e-06    4.144701e-08    1.801374e-08 
	   displacement        1.825302e+00    2.706545e-02    1.415419e-06 
 3
 Nonlinear solution status: time= 0.7
	stiffness updates             = 2
	right hand side evaluations   = 4
	stiffness matrix reformations = 1
	step from line search         = 1.000000
	convergence norms :     INITIAL         CURRENT         REQUIRED
	   residual            2.262614e-11    3.145410e-11    0.000000e+00 
	   energy              1.801374e-06    4.111171e-09    1.801374e-08 
	   displacement        1.825302e+00    8.030527e-03    1.633948e-06 
 4
 Nonlinear solution status: time= 0.7
	stiffness updates             = 3
	right hand side evaluations   = 5
	stiffness matrix reformations = 1
	step from line search         = 1.000000
	convergence norms :     INITIAL         CURRENT         REQUIRED
	   residual            2.262614e-11    5.864579e-12    0.000000e+00 
	   energy              1.801374e-06    4.996079e-11    1.801374e-08 
	   displacement        1.825302e+00    1.329100e-03    1.727828e-06 
 5
 Nonlinear solution status: time= 0.7
	stiffness updates             = 4
	right hand side evaluations   = 6
	stiffness matrix reformations = 1
	step from line search         = 1.000000
	convergence norms :     INITIAL         CURRENT         REQUIRED
	   residual            2.262614e-11    1.053911e-13    0.000000e+00 
	   energy              1.801374e-06    8.492202e-13    1.801374e-08 
	   displacement        1.825302e+00    3.996281e-07    1.727526e-06 

convergence summary
    number of iterations   : 5
    number of reformations : 1

------- converged at time : 0.7


===== beginning time step 8 : 0.8 =====

Setting parameter "scale" to : 0.8
Setting parameter "scale" to : 0.8

Reforming stiffness matrix: reformation #1

 1
 Nonlinear solution status: time= 0.8
	stiffness updates             = 0
	right hand side evaluations   = 2
	stiffness matrix reformations = 1
	step from line search         = 1.000000
	convergence norms :     INITIAL         CURRENT         REQUIRED
	   residual            2.249789e-11    4.519007e-08    0.000000e+00 
	   energy              1.649508e-06    3.702824e-07    1.649508e-08 
	   displacement        1.632356e+00    1.632356e+00    1.632356e-06 
 2
 Nonlinear solution status: time= 0.8
	stiffness updates             = 1
	right hand side evaluations   = 3
	stiffness matrix reformations = 1
	step from line search         = 1.000000
	convergence norms :     INITIAL         CURRENT         REQUIRED
	   residual            2.249789e-11    2.096245e-10    0.000000e+00 
	   energy              1.649508e-06    2.885356e-08    1.649508e-08 
	   displacement        1.632356e+00    1.920925e-02    1.304037e-06 
 3
 Nonlinear solution status: time= 0.8
	stiffness updates             = 2
	right hand side evaluations   = 4
	stiffness matrix reformations = 1
	step from line search         = 1.000000
	convergence norms :     INITIAL         CURRENT         REQUIRED
	   residual            2.249789e-11    1.847014e-11    0.000000e+00 
	   energy              1.649508e-06    2.567184e-09    1.649508e-08 
	   displacement        1.632356e+00    5.544916e-03    1.477275e-06 
 4
 Nonlinear solution status: time= 0.8
	stiffness updates             = 3
	right hand side evaluations   = 5
	stiffness matrix reformations = 1
	step from line search         = 1.000000
	convergence norms :     INITIAL         CURRENT         REQUIRED
	   residual            2.249789e-11    2.268001e-12    0.000000e+00 
	   energy              1.649508e-06    2.299563e-11    1.649508e-08 
	   displacement        1.632356e+00    7.138297e-04    1.542437e-06 
 5
 Nonlinear solution status: time= 0.8
	stiffness updates             = 4
	right hand side evaluations   = 6
	stiffness matrix reformations = 1
	step from line search         = 1.000000
	convergence norms :     INITIAL         CURRENT         REQUIRED
	   residual            2.249789e-11    4.259742e-14    0.000000e+00 
	   energy              1.649508e-06    1.812320e-13    1.649508e-08 
	   displacement        1.632356e+00    2.292402e-07    1.541917e-06 

convergence summary
    number of iterations   : 5
    number of reformations : 1

------- converged at time : 0.8


===== beginning time step 9 : 0.9 =====

Setting parameter "scale" to : 0.9
Setting parameter "scale" to : 0.9

Reforming stiffness matrix: reformation #1

 1
 Nonlinear solution status: time= 0.9
	stiffness updates             = 0
	right hand side evaluations   = 2
	stiffness matrix reformations = 1
	step from line search         = 1.000000
	convergence norms :     INITIAL         CURRENT         REQUIRED
	   residual            2.245403e-11    3.401391e-08    0.000000e+00 
	   energy              1.505364e-06    2.923449e-07    1.505364e-08 
	   displacement        1.455363e+00    1.455363e+00    1.455363e-06 
 2
 Nonlinear solution status: time= 0.9
	stiffness updates             = 1
	right hand side evaluations   = 3
	stiffness matrix reformations = 1
	step from line search         = 1.000000
	convergence norms :     INITIAL         CURRENT         REQUIRED
	   residual            2.245403e-11    1.389413e-10    0.000000e+00 
	   energy              1.505364e-06    1.971681e-08    1.505364e-08 
	   displacement        1.455363e+00    1.343199e-02    1.194961e-06 
 3
 Nonlinear solution status: time= 0.9
	stiffness updates             = 2
	right hand side evaluations   = 4
	stiffness matrix reformations = 1
	step from line search         = 1.000000
	convergence norms :     INITIAL         CURRENT         REQUIRED
	   residual            2.245403e-11    1.052422e-11    0.000000e+00 
	   energy              1.505364e-06    1.555259e-09    1.505364e-08 
	   displacement        1.455363e+00    3.746277e-03    1.330498e-06 
 4
 Nonlinear solution status: time= 0.9
	stiffness updates             = 3
	right hand side evaluations   = 5
	stiffness matrix reformations = 1
	step from line search         = 1.000000
	convergence norms :     INITIAL         CURRENT         REQUIRED
	   residual            2.245403e-11    8.487894e-13    0.000000e+00 
	   energy              1.505364e-06    9.782299e-12    1.505364e-08 
	   displacement        1.455363e+00    3.717984e-04    1.374983e-06 
 5
 Nonlinear solution status: time= 0.9
	stiffness updates             = 4
	right hand side evaluations   = 6
	stiffness matrix reformations = 1
	step from line search         = 1.000000
	convergence norms :     INITIAL         CURRENT         REQUIRED
	   residual            2.245403e-11    1.736964e-14    0.000000e+00 
	   energy              1.505364e-06    1.254659e-14    1.505364e-08 
	   displacement        1.455363e+00    1.401058e-07    1.374445e-06 

convergence summary
    number of iterations   : 5
    number of reformations : 1

------- converged at time : 0.9


===== beginning time step 10 : 1 =====

Setting parameter "scale" to : 1
Setting parameter "scale" to : 1

Reforming stiffness matrix: reformation #1

 1
 Nonlinear solution status: time= 1
	stiffness updates             = 0
	right hand side evaluations   = 2
	stiffness matrix reformations = 1
	step from line search         = 1.000000
	convergence norms :     INITIAL         CURRENT         REQUIRED
	   residual            2.244214e-11    2.547262e-08    0.000000e+00 
	   energy              1.372324e-06    2.303007e-07    1.372324e-08 
	   displacement        1.297916e+00    1.297916e+00    1.297916e-06 
 2
 Nonlinear solution status: time= 1
	stiffness updates             = 1
	right hand side evaluations   = 3
	stiffness matrix reformations = 1
	step from line search         = 1.000000
	convergence norms :     INITIAL         CURRENT         REQUIRED
	   residual            2.244214e-11    9.135238e-11    0.000000e+00 
	   energy              1.372324e-06    1.333319e-08    1.372324e-08 
	   displacement        1.297916e+00    9.316123e-03    1.092427e-06 
 3
 Nonlinear solution status: time= 1
	stiffness updates             = 2
	right hand side evaluations   = 4
	stiffness matrix reformations = 1
	step from line search         = 1.000000
	convergence norms :     INITIAL         CURRENT         REQUIRED
	   residual            2.244214e-11    5.873913e-12    0.000000e+00 
	   energy              1.372324e-06    9.256218e-10    1.372324e-08 
	   displacement        1.297916e+00    2.506650e-03    1.197898e-06 
 4
 Nonlinear solution status: time= 1
	stiffness updates             = 3
	right hand side evaluations   = 5
	stiffness matrix reformations = 1
	step from line search         = 1.000000
	convergence norms :     INITIAL         CURRENT         REQUIRED
	   residual            2.244214e-11    3.157359e-13    0.000000e+00 
	   energy              1.372324e-06    3.847479e-12    1.372324e-08 
	   displacement        1.297916e+00    1.914806e-04    1.228115e-06 
 5
 Nonlinear solution status: time= 1
	stiffness updates             = 4
	right hand side evaluations   = 6
	stiffness matrix reformations = 1
	step from line search         = 1.000000
	convergence norms :     INITIAL         CURRENT         REQUIRED
	   residual            2.244214e-11    7.208017e-15    0.000000e+00 
	   energy              1.372324e-06    1.532227e-14    1.372324e-08 
	   displacement        1.297916e+00    8.536469e-08    1.227650e-06 

convergence summary
    number of iterations   : 5
    number of reformations : 1

------- converged at time : 1



 N O N L I N E A R   I T E R A T I O N   I N F O R M A T I O N

	Number of time steps completed .................... : 10

	Total number of equilibrium iterations ............ : 54

	Average number of equilibrium iterations .......... : 5.4

	Total number of right hand evaluations ............ : 64

	Total number of stiffness reformations ............ : 10


 L I N E A R   S O L V E R   S T A T S

	Total calls to linear solver ........ : 54

	Avg iterations per solve ............ : 1

	Time in linear solver: 0:00:00

 Peak memory  : 17.8 MB

 Elapsed time : 0:00:00

 T I M I N G   I N F O R M A T I O N

	Input time ...................... : 0:00:00 (0.002 sec)

	Initialization time ............. : 0:00:00 (0.003 sec)

	Solve time ...................... : 0:00:00 (0.187 sec)

	   IO-time (plot, dmp, data) .... : 0:00:00 (0.005 sec)

	   reforming stiffness .......... : 0:00:00 (0 sec)

	   evaluating stiffness ......... : 0:00:00 (0.011 sec)

	   evaluating residual .......... : 0:00:00 (0.006 sec)

	   model update ................. : 0:00:00 (0.023 sec)

	   QN updates ................... : 0:00:00 (0.001 sec)

	   time in linear solver ........ : 0:00:00 (0.133 sec)

	Total elapsed time .............. : 0:00:00 (0.192 sec)


 N O R M A L   T E R M I N A T I O N

